[20:36:09:50] - ====== Start Process WOLF_START_SUB_PROCESS ====== : 19/05/2021 20:36:09
[20:36:09:51] - Run batch as :TECHCONS\sptest
[20:36:21:07] - File Upload :Could not find file 'G:\FORM\MS\QS-Q-MS-001-26  คู่มือคุณภาพ QUALITY MANUAL.pdf'.
[20:36:21:73] - File Upload :Could not find file 'G:\FORM\MS\QS-P-MS-001-15  การบริหารนโยบายและองค์กร.pdf'.
[20:36:22:02] - File Upload :Could not find file 'G:\FORM\MS\QS-P-MS-002-15  การควบคุมเอกสาร.pdf'.
[20:36:22:31] - File Upload :Could not find file 'G:\FORM\MS\QS-P-MS-003-15  การควบคุมบันทึก.pdf'.
[20:36:22:62] - File Upload :Could not find file 'G:\FORM\MS\QS-P-MS-004-15  การตรวจติดตามคุณภาพภายใน.pdf'.
[20:36:22:90] - File Upload :Could not find file 'G:\FORM\PC\QS-P-PC-001-15  การควบคุมการผลิต.pdf'.
[20:36:23:19] - File Upload :Could not find file 'G:\FORM\QD\QS-P-QD-001-13  การควบคุมเครื่องมือวัด.pdf'.
[20:36:23:44] - File Upload :Could not find file 'G:\FORM\QD\QS-P-QD-002-13  การควบคุมผลิตภัณฑ์ที่ไม่เป็นไปตามข้อกำหนด.pdf'.
[20:36:23:71] - File Upload :Could not find file 'G:\FORM\EN\QS-P-EN-001-17  การพัฒนาผลิตภัณฑ์ใหม่.pdf'.
[20:36:24:11] - File Upload :Could not find file 'G:\FORM\PU\QS-P-PU-001-20  กระบวนการจัดซื้อ.pdf'.
[20:36:24:35] - File Upload :Could not find file 'G:\FORM\HR\QS-P-HR-001-03  การสรรหาบุคลากร.pdf'.
[20:36:24:60] - File Upload :Could not find file 'G:\FORM\HR\QS-P-HR-002-18  การฝึกอบรม.pdf'.
[20:36:24:94] - File Upload :Could not find file 'G:\FORM\MS\QS-P-MS-005-02  การบริหารจัดการความเสี่ยง.pdf'.
[20:36:25:60] - File Upload :Could not find file 'G:\FORM\EN\QS-P-EN-002-11  การควบคุมการเปลี่ยนแปลง.pdf'.
[20:36:25:91] - File Upload :Could not find file 'G:\FORM\MS\QS-S-MS-001-02  ปฏิสัมพันธ์ของกระบวนการ PROCESS INTERACTION.pdf'.
[20:36:26:17] - File Upload :Could not find file 'G:\FORM\MS\QS-S-MS-003-03  การสร้างจิตสำนึกคุณภาพ AWARENESS.pdf'.
[20:36:26:40] - File Upload :Could not find file 'G:\FORM\MS\QS-S-MS-004-05  แผนการสื่อสารในระบบบริหารคุณภาพ COMMUNICATION.pdf'.
[20:36:26:64] - File Upload :Could not find file 'G:\FORM\MS\QS-S-MS-005-00  KM ระบบ ISO NMT & NMM .pdf'.
[20:36:26:88] - File Upload :Could not find file 'G:\FORM\MN\QS-S-MN-001-08  OPS H-KVBV DRILLING (SHAFT,ROLLER).pdf'.
[20:36:27:15] - File Upload :Could not find file 'G:\FORM\MN\QS-S-MN-002-06  OPS H-KVBV MILLING J SURFACE.pdf'.
[20:36:27:39] - File Upload :Could not find file 'G:\FORM\MN\QS-S-MN-003-06  OPS H-KVBV BACK CHAMFER.pdf'.
[20:36:27:62] - File Upload :Could not find file 'G:\FORM\MN\QS-S-MN-004-07  OPS H-KVBV TAPPING.pdf'.
[20:36:27:86] - File Upload :Could not find file 'G:\FORM\MN\QS-S-MN-005-08  OPS H-KVBV GROOVIING.pdf'.
[20:36:28:10] - File Upload :Could not find file 'G:\FORM\MN\QS-S-MN-009-04  OPS S-09J DRILLING.pdf'.
[20:36:28:37] - File Upload :Could not find file 'G:\FORM\MN\QS-S-MN-010-04  OPS S-09J TAPPING.pdf'.
[20:36:28:62] - File Upload :Could not find file 'G:\FORM\MN\QS-S-MN-011-04  OPS S-09J GROOVING.pdf'.
[20:36:28:94] - File Upload :Could not find file 'G:\FORM\MN\QS-S-MN-012-05  OPS H-KPH DRILLING.pdf'.
[20:36:29:19] - File Upload :Could not find file 'G:\FORM\MN\QS-S-MN-013-03  OPS H-KPH MILLING.pdf'.
[20:36:29:44] - File Upload :Could not find file 'G:\FORM\MN\QS-S-MN-014-03  OPS H-KPH BACK CHAMFER.pdf'.
[20:36:29:77] - File Upload :Could not find file 'G:\FORM\MN\QS-S-MN-015-04  OPS H-KPH TAPPING.pdf'.
[20:36:30:16] - File Upload :Could not find file 'G:\FORM\MN\QS-S-MN-016-05  OPS H-KPH GROOVING.pdf'.
[20:36:30:40] - File Upload :Could not find file 'G:\FORM\MN\QS-S-MN-017-06  OPS H-KZR DRILLING (SHAFT,ROLLER,CHAMFER).pdf'.
[20:36:30:77] - File Upload :Could not find file 'G:\FORM\MN\QS-S-MN-018-05  OPS H-KZR MLLING.pdf'.
[20:36:31:02] - File Upload :Could not find file 'G:\FORM\MN\QS-S-MN-019-05  OPS H-KZR BACK CHAMFER.pdf'.
[20:36:31:29] - File Upload :Could not find file 'G:\FORM\MN\QS-S-MN-020-06  OPS H-KZR TAPPING.pdf'.
[20:36:31:55] - File Upload :Could not find file 'G:\FORM\MN\QS-S-MN-021-08  OPS H-KZR GROOVING.pdf'.
[20:36:31:85] - File Upload :Could not find file 'G:\FORM\MN\QS-S-MN-022-07  OPS H-KYZ DRILLING.pdf'.
[20:36:32:11] - File Upload :Could not find file 'G:\FORM\MN\QS-S-MN-023-06  OPS H-KYZ MILLING.pdf'.
[20:36:32:39] - File Upload :Could not find file 'G:\FORM\MN\QS-S-MN-024-05  OPS H-KYZ BACK CHAMFER.pdf'.
[20:36:32:65] - File Upload :Could not find file 'G:\FORM\MN\QS-S-MN-025-06  OPS H-KYZ TAPPING.pdf'.
[20:36:32:92] - File Upload :Could not find file 'G:\FORM\MN\QS-S-MN-026-08  OPS H-KZY GROOVING.pdf'.
[20:36:33:17] - File Upload :Could not find file 'G:\FORM\MN\QS-S-MN-042-09  OPS Y-52S TWO HOLE DRILLING.pdf'.
[20:36:33:43] - File Upload :Could not find file 'G:\FORM\MN\QS-S-MN-043-07  OPS Y-52S TAPPING.pdf'.
[20:36:33:69] - File Upload :Could not find file 'G:\FORM\MN\QS-S-MN-044-08  OPS Y-52S MILLING.pdf'.
[20:36:33:99] - File Upload :Could not find file 'G:\FORM\MN\QS-S-MN-048-07  OPS H-MGZ DRILLING MILLING.pdf'.
[20:36:34:30] - File Upload :Could not find file 'G:\FORM\MN\QS-S-MN-050-09  OPS H-MGZ GROOVING.pdf'.
[20:36:34:57] - File Upload :Could not find file 'G:\FORM\MN\QS-S-MN-053-08  OPS H-K33 DRILLING MILLING.pdf'.
[20:36:34:87] - File Upload :Could not find file 'G:\FORM\MN\QS-S-MN-055-08  OPS H-K33 GROOVING.pdf'.
[20:36:35:17] - File Upload :Could not find file 'G:\FORM\MN\QS-S-MN-058-07  OPS H-KWR TWO HOLE DRILLING R-MILLING.pdf'.
[20:36:35:49] - File Upload :Could not find file 'G:\FORM\MN\QS-S-MN-060-06  OPS H-KWR GH-MILLING.pdf'.
[20:36:35:78] - File Upload :Could not find file 'G:\FORM\MN\QS-S-MN-061-06  OPS H-KWR GROOVING.pdf'.
[20:36:36:10] - File Upload :Could not find file 'G:\FORM\MN\QS-S-MN-062-06  OPS H-KWR GROOVE SLOT CHAMFER.pdf'.
[20:36:36:38] - File Upload :Could not find file 'G:\FORM\MN\QS-S-MN-063-07  OPS H-KWR OIL HOLE DRILLING.pdf'.
[20:36:36:68] - File Upload :Could not find file 'G:\FORM\MN\QS-S-MN-074-03  OPS KJ-D1703 DRILLING.pdf'.
[20:36:36:99] - File Upload :Could not find file 'G:\FORM\MN\QS-S-MN-075-03  OPS KJ-D1703 TAPPING.pdf'.
[20:36:37:28] - File Upload :Could not find file 'G:\FORM\MN\QS-S-MN-076-07  OPS KJ-D1703 R-MILLING.pdf'.
[20:36:37:60] - File Upload :Could not find file 'G:\FORM\MN\QS-S-MN-078-03  OPS MODEL CHANGE DRILLING MILLING MR1.pdf'.
[20:36:37:91] - File Upload :Could not find file 'G:\FORM\MN\QS-S-MN-080-02  OPS MODEL CHANGE BACK CHAMFER MR1.pdf'.
[20:36:38:23] - File Upload :Could not find file 'G:\FORM\MN\QS-S-MN-081-02  OPS MODEL CHANGE TAPPING MR1.pdf'.
[20:36:38:56] - File Upload :Could not find file 'G:\FORM\MN\QS-S-MN-082-02  OPS MODEL CHANGE GROOVING & SLOT CHAMFER MR1.pdf'.
[20:36:38:93] - File Upload :Could not find file 'G:\FORM\MN\QS-S-MN-084-04  การเปลี่ยน MODEL ALL MODEL TAPPING (MR-3).pdf'.
[20:39:51:70] - ====== Start Process WOLF_START_SUB_PROCESS ====== : 19/05/2021 20:39:51
[20:40:06:38] - Run batch as :TECHCONS\sptest
